<?xml version="1.0" encoding="UTF-8" ?>
<testsuite errors="0" failures="0" hostname="Macintosh-120.local" name="org.netbeans.jemmy.WaiterTest" tests="1" time="2.78" timestamp="2008-07-21T13:41:53">
  <properties>
[...]
</properties>
  <testcase classname="org.netbeans.jemmy.WaiterTest" name="testIssue30537" time="2.69" />
  <system-out><![CDATA[Using org.netbeans.jemmy.drivers.APIDriverInstaller driver installer
Trace:
Start to wait action "Description"
Trace:
"Description" action has been produced in 0 milliseconds with result 
    : java.lang.Object@c9f997
]]></system-out>
  <system-err><![CDATA[]]></system-err>
</testsuite>
